0 info it worked if it ends with ok
1 verbose cli [ '/usr/local/Cellar/node/6.2.1/bin/node',
1 verbose cli   '/Users/cagatay/.npm-packages/bin/npm',
1 verbose cli   'publish' ]
2 info using npm@3.9.5
3 info using node@v6.2.1
4 verbose publish [ '.' ]
5 silly cache add args [ '.', null ]
6 verbose cache add spec .
7 silly cache add parsed spec Result {
7 silly cache add   raw: '.',
7 silly cache add   scope: null,
7 silly cache add   name: null,
7 silly cache add   rawSpec: '.',
7 silly cache add   spec: '/Users/cagatay/Playground/deployer/example',
7 silly cache add   type: 'directory' }
8 verbose addLocalDirectory /Users/cagatay/.npm/example/1.0.1/package.tgz not in flight; packing
9 verbose correctMkdir /Users/cagatay/.npm correctMkdir not in flight; initializing
10 info lifecycle example@1.0.1~prepublish: example@1.0.1
11 silly lifecycle example@1.0.1~prepublish: no script for prepublish, continuing
12 verbose tar pack [ '/Users/cagatay/.npm/example/1.0.1/package.tgz',
12 verbose tar pack   '/Users/cagatay/Playground/deployer/example' ]
13 verbose tarball /Users/cagatay/.npm/example/1.0.1/package.tgz
14 verbose folder /Users/cagatay/Playground/deployer/example
15 verbose addLocalTarball adding from inside cache /Users/cagatay/.npm/example/1.0.1/package.tgz
16 verbose correctMkdir /Users/cagatay/.npm correctMkdir not in flight; initializing
17 silly cache afterAdd example@1.0.1
18 verbose afterAdd /Users/cagatay/.npm/example/1.0.1/package/package.json not in flight; writing
19 verbose correctMkdir /Users/cagatay/.npm correctMkdir not in flight; initializing
20 verbose afterAdd /Users/cagatay/.npm/example/1.0.1/package/package.json written
21 silly publish { name: 'example',
21 silly publish   version: '1.0.1',
21 silly publish   description: 'Example d3pl0y',
21 silly publish   main: 'index.js',
21 silly publish   scripts: { test: 'echo "Error: no test specified" && exit 1' },
21 silly publish   author: '',
21 silly publish   license: 'ISC',
21 silly publish   dependencies: { express: '^4.14.0' },
21 silly publish   readme: 'ERROR: No README data found!',
21 silly publish   _id: 'example@1.0.1',
21 silly publish   _shasum: '2509b0625b08278984d15bdf31934d2276bd0cde',
21 silly publish   _from: '.' }
22 verbose getPublishConfig undefined
23 silly mapToRegistry name example
24 silly mapToRegistry using default registry
25 silly mapToRegistry registry https://registry.npmjs.org/
26 silly mapToRegistry data Result {
26 silly mapToRegistry   raw: 'example',
26 silly mapToRegistry   scope: null,
26 silly mapToRegistry   name: 'example',
26 silly mapToRegistry   rawSpec: '',
26 silly mapToRegistry   spec: 'latest',
26 silly mapToRegistry   type: 'tag' }
27 silly mapToRegistry uri https://registry.npmjs.org/example
28 verbose publish registryBase https://registry.npmjs.org/
29 silly publish uploading /Users/cagatay/.npm/example/1.0.1/package.tgz
30 verbose request uri https://registry.npmjs.org/example
31 verbose request sending authorization for write operation
32 info attempt registry request try #1 at 9:36:43 PM
33 verbose request using bearer token for auth
34 verbose request id 7fd2054e95d1d6de
35 http request PUT https://registry.npmjs.org/example
36 http 403 https://registry.npmjs.org/example
37 verbose headers { 'content-type': 'application/json',
37 verbose headers   'cache-control': 'max-age=300',
37 verbose headers   'content-length': '101',
37 verbose headers   'accept-ranges': 'bytes',
37 verbose headers   date: 'Thu, 29 Sep 2016 04:36:44 GMT',
37 verbose headers   via: '1.1 varnish',
37 verbose headers   connection: 'keep-alive',
37 verbose headers   'x-served-by': 'cache-ams4432-AMS',
37 verbose headers   'x-cache': 'MISS',
37 verbose headers   'x-cache-hits': '0',
37 verbose headers   'x-timer': 'S1475123803.512215,VS0,VE653',
37 verbose headers   vary: 'Accept-Encoding' }
38 verbose request invalidating /Users/cagatay/.npm/registry.npmjs.org/example on PUT
39 error publish Failed PUT 403
40 verbose stack Error: you do not have permission to publish "example". Are you logged in as the correct user? : example
40 verbose stack     at makeError (/Users/cagatay/.npm-packages/lib/node_modules/npm/node_modules/npm-registry-client/lib/request.js:264:12)
40 verbose stack     at CachingRegistryClient.<anonymous> (/Users/cagatay/.npm-packages/lib/node_modules/npm/node_modules/npm-registry-client/lib/request.js:252:14)
40 verbose stack     at Request._callback (/Users/cagatay/.npm-packages/lib/node_modules/npm/node_modules/npm-registry-client/lib/request.js:172:14)
40 verbose stack     at Request.self.callback (/Users/cagatay/.npm-packages/lib/node_modules/npm/node_modules/request/request.js:200:22)
40 verbose stack     at emitTwo (events.js:106:13)
40 verbose stack     at Request.emit (events.js:191:7)
40 verbose stack     at Request.<anonymous> (/Users/cagatay/.npm-packages/lib/node_modules/npm/node_modules/request/request.js:1067:10)
40 verbose stack     at emitOne (events.js:101:20)
40 verbose stack     at Request.emit (events.js:188:7)
40 verbose stack     at IncomingMessage.<anonymous> (/Users/cagatay/.npm-packages/lib/node_modules/npm/node_modules/request/request.js:988:12)
41 verbose statusCode 403
42 verbose pkgid example
43 verbose cwd /Users/cagatay/Playground/deployer/example
44 error Darwin 16.1.0
45 error argv "/usr/local/Cellar/node/6.2.1/bin/node" "/Users/cagatay/.npm-packages/bin/npm" "publish"
46 error node v6.2.1
47 error npm  v3.9.5
48 error code E403
49 error you do not have permission to publish "example". Are you logged in as the correct user? : example
50 error If you need help, you may report this error at:
50 error     <https://github.com/npm/npm/issues>
51 verbose exit [ 1, true ]
